<?xml version="1.0" encoding="UTF-8"?>
<!-- Generated by org.testng.reporters.JUnitReportReporter -->
<testsuite hostname="DESKTOP-6NQ8E1M" failures="0" tests="3" name="testngDemo.ParallelTest" time="13.705" errors="0" timestamp="2024-10-23T21:12:30 IST" skipped="0">
  <testcase classname="testngDemo.ParallelTest" name="testIE" time="7.065"/>
  <testcase classname="testngDemo.ParallelTest" name="testFirefox" time="3.843"/>
  <testcase classname="testngDemo.ParallelTest" name="testChrome" time="2.797"/>
</testsuite> <!-- testngDemo.ParallelTest -->
