<?xml version="1.0" encoding="UTF-8"?>
<!-- Generated by org.testng.reporters.JUnitReportReporter -->
<testsuite hostname="DESKTOP-6NQ8E1M" failures="0" tests="3" name="myDemo.ParallelTest" time="14.845" errors="0" timestamp="2024-10-25T18:43:20 IST" skipped="0">
  <testcase classname="myDemo.ParallelTest" name="testChrome" time="3.210"/>
  <testcase classname="myDemo.ParallelTest" name="testIE" time="7.126"/>
  <testcase classname="myDemo.ParallelTest" name="testFirefox" time="4.509"/>
</testsuite> <!-- myDemo.ParallelTest -->
