<?xml version="1.0" encoding="UTF-8"?>
<!-- Generated by org.testng.reporters.JUnitReportReporter -->
<testsuite hostname="DESKTOP-6NQ8E1M" failures="0" tests="3" name="testngDemo.ParallelTest" time="36.591" errors="0" timestamp="2024-10-23T20:40:59 IST" skipped="0">
  <testcase classname="testngDemo.ParallelTest" name="testChrome" time="4.630"/>
  <testcase classname="testngDemo.ParallelTest" name="testFirefox" time="7.190"/>
  <testcase classname="testngDemo.ParallelTest" name="testIE" time="24.771"/>
</testsuite> <!-- testngDemo.ParallelTest -->
