<?xml version="1.0" encoding="UTF-8"?>
<!-- Generated by org.testng.reporters.JUnitReportReporter -->
<testsuite hostname="DESKTOP-6NQ8E1M" failures="0" tests="3" name="testngDemo.TestColor" time="0.011" errors="0" timestamp="2024-10-22T18:51:40 IST" skipped="0">
  <testcase classname="testngDemo.TestColor" name="colorTest" time="0.005"/>
  <testcase classname="testngDemo.TestColor" name="colorButtons" time="0.003"/>
  <testcase classname="testngDemo.TestColor" name="colorButton" time="0.003"/>
</testsuite> <!-- testngDemo.TestColor -->
