<?xml version="1.0" encoding="UTF-8"?>
<!-- Generated by org.testng.reporters.JUnitReportReporter -->
<testsuite hostname="DESKTOP-6NQ8E1M" failures="0" tests="4" name="testngDemo.DataProviderDemo" time="17.259" errors="0" timestamp="2024-10-21T20:45:16 IST" skipped="0">
  <testcase classname="testngDemo.DataProviderDemo" name="TestLogin" time="7.648"/>
  <testcase classname="testngDemo.DataProviderDemo" name="TestLogin" time="2.202"/>
  <testcase classname="testngDemo.DataProviderDemo" name="TestLogin" time="4.330"/>
  <testcase classname="testngDemo.DataProviderDemo" name="TestLogin" time="3.079"/>
</testsuite> <!-- testngDemo.DataProviderDemo -->
