<?xml version="1.0" encoding="UTF-8"?>
<!-- Generated by org.testng.reporters.JUnitReportReporter -->
<testsuite hostname="DESKTOP-6NQ8E1M" failures="0" tests="1" name="testngDemo.TestNGBasic" time="0.013" errors="0" timestamp="2024-10-17T20:38:15 IST" skipped="0">
  <testcase classname="testngDemo.TestNGBasic" name="InValidUP" time="0.013"/>
</testsuite> <!-- testngDemo.TestNGBasic -->
